[2026-01-27 10:22:22] [INFO] Starting RichoSync script...
[2026-01-27 10:22:23] [INFO] Processing OU: OU=SKL,OU=Brugere,OU=Brugere,DC=Gigtforeningen,DC=dk
[2026-01-27 10:22:23] [INFO] Generating CSV file...
[2026-01-27 10:22:23] [INFO] Successfully generated C:\Projekter\RichoSync\RichoUsers.csv with 65 users.
[2026-01-27 10:30:16] [INFO] Starting RichoSync script...
[2026-01-27 10:30:16] [INFO] Processing OU: OU=SKL,OU=Brugere,OU=Brugere,DC=Gigtforeningen,DC=dk
[2026-01-27 10:30:17] [INFO] Generating CSV file...
[2026-01-27 10:30:17] [INFO] Successfully generated C:\Projekter\RichoSync\RichoUsers.csv with 65 users.
[2026-01-27 10:32:07] [INFO] Starting RichoSync script...
[2026-01-27 10:32:08] [INFO] Processing OU: OU=SKL,OU=Brugere,OU=Brugere,DC=Gigtforeningen,DC=dk
[2026-01-27 10:32:08] [INFO] Generating CSV file...
[2026-01-27 10:32:09] [INFO] Successfully generated C:\Projekter\RichoSync\RichoUsers.csv with 65 users.
[2026-01-27 10:37:47] [INFO] Starting RichoSync script...
[2026-01-27 10:37:48] [INFO] Processing OU: OU=SKL,OU=Brugere,OU=Brugere,DC=Gigtforeningen,DC=dk
[2026-01-27 10:37:48] [INFO] Generating CSV file...
[2026-01-27 10:37:48] [INFO] Successfully generated C:\Projekter\RichoSync\RichoUsers.csv with 65 users.
[2026-01-27 10:40:42] [INFO] Starting RichoSync script...
[2026-01-27 10:40:43] [INFO] Processing OU: OU=SKL,OU=Brugere,OU=Brugere,DC=Gigtforeningen,DC=dk
[2026-01-27 10:40:43] [INFO] Generating CSV file...
[2026-01-27 10:40:43] [INFO] Successfully generated C:\Projekter\RichoSync\RichoUsers.csv with 65 users.
[2026-01-27 10:44:26] [INFO] Starting RichoSync script...
[2026-01-27 10:44:26] [INFO] Processing OU: OU=SKL,OU=Brugere,OU=Brugere,DC=Gigtforeningen,DC=dk
[2026-01-27 10:44:27] [INFO] Generating CSV file...
[2026-01-27 10:44:27] [INFO] Successfully generated C:\Projekter\RichoSync\RichoUsers.csv with 65 users.
[2026-01-27 12:02:36] [INFO] Starting RichoSync script...
[2026-01-27 12:02:37] [INFO] Processing OU: OU=SKL,OU=Brugere,OU=Brugere,DC=Gigtforeningen,DC=dk
[2026-01-27 12:02:38] [INFO] Generating CSV file...
[2026-01-27 12:02:38] [INFO] Successfully generated C:\Projekter\RichoSync\RichoUsers.csv with 65 users.
[2026-01-27 12:03:14] [INFO] Starting RichoSync script...
[2026-01-27 12:03:15] [INFO] Processing OU: OU=SKL,OU=Brugere,OU=Brugere,DC=Gigtforeningen,DC=dk
[2026-01-27 12:03:15] [INFO] Generating CSV file...
[2026-01-27 12:03:15] [INFO] Successfully generated C:\Projekter\RichoSync\RichoUsers.csv with 65 users.
[2026-01-27 12:04:28] [INFO] Starting RichoSync script...
[2026-01-27 12:04:29] [INFO] Processing OU: OU=SKL,OU=Brugere,OU=Brugere,DC=Gigtforeningen,DC=dk
[2026-01-27 12:04:29] [INFO] Generating CSV file...
[2026-01-27 12:04:29] [INFO] Successfully generated C:\Projekter\RichoSync\RichoUsers.csv with 65 users.
[2026-01-27 13:26:56] [INFO] Starting RichoSync script...
[2026-01-27 13:26:57] [INFO] Processing OU: OU=SKL,OU=Brugere,OU=Brugere,DC=Gigtforeningen,DC=dk
[2026-01-27 13:26:57] [INFO] Generating CSV file...
[2026-01-27 13:26:57] [INFO] Successfully generated C:\Projekter\RichoSync\RichoUsers.csv with 65 users.
[2026-01-27 13:28:20] [INFO] Starting RichoSync script...
[2026-01-27 13:28:21] [INFO] Processing OU: OU=SKL,OU=Brugere,OU=Brugere,DC=Gigtforeningen,DC=dk
[2026-01-27 13:28:22] [INFO] Generating CSV file...
[2026-01-27 13:28:22] [INFO] Successfully generated C:\Projekter\RichoSync\RichoUsers.csv with 65 users.
[2026-01-27 13:49:39] [INFO] Starting RichoSync script...
[2026-01-27 13:49:41] [INFO] Processing OU: OU=SKL,OU=Brugere,OU=Brugere,DC=Gigtforeningen,DC=dk
[2026-01-27 13:49:41] [INFO] Generating CSV file...
[2026-01-27 13:49:41] [INFO] Successfully generated C:\Projekter\RichoSync\RichoUsers.csv with 65 users.
[2026-01-27 13:50:39] [INFO] Starting RichoSync script...
[2026-01-27 13:50:41] [INFO] Processing OU: OU=SOE,OU=Brugere,OU=Brugere,DC=Gigtforeningen,DC=dk
[2026-01-27 13:50:57] [INFO] Starting RichoSync script...
[2026-01-27 13:50:58] [INFO] Processing OU: OU=SOE,OU=Brugere,OU=Brugere,DC=Gigtforeningen,DC=dk
[2026-01-27 13:50:59] [INFO] Generating CSV file...
[2026-01-27 13:50:59] [INFO] Successfully generated C:\Projekter\RichoSync\RichoUsers.csv with 119 users.
[2026-01-27 13:52:25] [INFO] Starting RichoSync script...
[2026-01-27 13:52:25] [INFO] Processing OU: OU=SOE,OU=Brugere,OU=Brugere,DC=Gigtforeningen,DC=dk
[2026-01-27 13:52:26] [INFO] Generating CSV file...
[2026-01-27 13:52:26] [INFO] Successfully generated C:\Projekter\RichoSync\RichoUsers.csv with 119 users.
[2026-01-27 13:53:43] [INFO] Starting RichoSync script...
[2026-01-27 13:53:45] [INFO] Processing OU: OU=SOE,OU=Brugere,OU=Brugere,DC=Gigtforeningen,DC=dk
[2026-01-27 13:53:45] [INFO] Generating CSV file...
[2026-01-27 13:53:45] [INFO] Successfully generated C:\Projekter\RichoSync\RichoUsers.csv with 119 users.
[2026-01-27 14:05:43] [INFO] Starting RichoSync script...
[2026-01-27 14:05:44] [INFO] Adding hardcoded entry: Skan til Novax
[2026-01-27 14:05:44] [INFO] Processing OU: OU=SOE,OU=Brugere,OU=Brugere,DC=Gigtforeningen,DC=dk
[2026-01-27 14:05:44] [INFO] Generating CSV file...
[2026-01-27 14:05:44] [INFO] Successfully generated C:\Projekter\RichoSync\RichoUsers.csv with 120 users.
[2026-01-27 14:06:30] [INFO] Starting RichoSync script...
[2026-01-27 14:06:31] [INFO] Adding hardcoded entry: Skan til Novax
[2026-01-27 14:06:31] [INFO] Processing OU: OU=SOE,OU=Brugere,OU=Brugere,DC=Gigtforeningen,DC=dk
[2026-01-27 14:07:02] [INFO] Starting RichoSync script...
[2026-01-27 14:07:04] [INFO] Adding hardcoded entry: Skan til Novax
[2026-01-27 14:07:04] [INFO] Processing OU: OU=SOE,OU=Brugere,OU=Brugere,DC=Gigtforeningen,DC=dk
[2026-01-27 14:07:04] [INFO] Generating CSV file...
[2026-01-27 14:07:04] [INFO] Successfully generated C:\Projekter\RichoSync\RichoUsers.csv with 120 users.
[2026-01-27 14:15:46] [INFO] Starting RichoSync script...
[2026-01-27 14:15:47] [ERROR] Fatal Error: Method invocation failed because [System.Char] does not contain a method named 'Split'.
[2026-01-27 14:16:28] [INFO] Starting RichoSync script...
[2026-01-27 14:16:29] [ERROR] Fatal Error: Method invocation failed because [System.Char] does not contain a method named 'Split'.
[2026-01-27 14:16:55] [INFO] Starting RichoSync script...
[2026-01-27 14:16:56] [INFO] Determined filename prefix: 'SOE' from 'OU=SOE,OU=Brugere,OU=Brugere,DC=Gigtforeningen,DC=dk'
[2026-01-27 14:16:56] [INFO] Adding hardcoded entry: Skan til Novax
[2026-01-27 14:16:56] [INFO] Processing OU: OU=SOE,OU=Brugere,OU=Brugere,DC=Gigtforeningen,DC=dk
[2026-01-27 14:16:56] [INFO] Generating CSV file...
[2026-01-27 14:16:56] [INFO] Successfully generated C:\Projekter\RichoSync\SOERichoUsers.csv with 120 users.
[2026-01-27 14:18:05] [INFO] Starting RichoSync script...
[2026-01-27 14:18:06] [INFO] Determined filename prefix: 'SEK' from 'OU=SEK,OU=Brugere,OU=Brugere,DC=Gigtforeningen,DC=dk'
[2026-01-27 14:18:06] [INFO] Adding hardcoded entry: Skan til Novax
[2026-01-27 14:18:06] [INFO] Processing OU: OU=SEK,OU=Brugere,OU=Brugere,DC=Gigtforeningen,DC=dk
[2026-01-27 14:18:07] [INFO] Generating CSV file...
[2026-01-27 14:18:07] [INFO] Successfully generated C:\Projekter\RichoSync\SEKRichoUsers.csv with 97 users.
